<?xml version="1.0" encoding="UTF-8"?>
<testng-results skipped="0" failed="0" ignored="0" total="1" passed="1">
  <reporter-output>
  </reporter-output>
  <suite name="Suite" duration-ms="33" started-at="2018-01-07T15:08:47Z" finished-at="2018-01-07T15:08:47Z">
    <groups>
    </groups>
    <test name="Test" duration-ms="33" started-at="2018-01-07T15:08:47Z" finished-at="2018-01-07T15:08:47Z">
      <class name="Gittest.SendToGit">
        <test-method status="PASS" signature="beforeTest()[pri:0, instance:Gittest.SendToGit@27efef64]" name="beforeTest" is-config="true" duration-ms="8" started-at="2018-01-07T20:38:47Z" finished-at="2018-01-07T20:38:47Z">
          <reporter-output>
          </reporter-output>
        </test-method> <!-- beforeTest -->
        <test-method status="PASS" signature="f()[pri:0, instance:Gittest.SendToGit@27efef64]" name="f" duration-ms="7" started-at="2018-01-07T20:38:47Z" finished-at="2018-01-07T20:38:47Z">
          <reporter-output>
          </reporter-output>
        </test-method> <!-- f -->
        <test-method status="PASS" signature="afterTest()[pri:0, instance:Gittest.SendToGit@27efef64]" name="afterTest" is-config="true" duration-ms="4" started-at="2018-01-07T20:38:47Z" finished-at="2018-01-07T20:38:47Z">
          <reporter-output>
          </reporter-output>
        </test-method> <!-- afterTest -->
      </class> <!-- Gittest.SendToGit -->
    </test> <!-- Test -->
  </suite> <!-- Suite -->
</testng-results>
